{"C:\\Users\\Estefanía Telis\\Documents\\GitHub\\LIM009-fe-md-links\\src\\cli.js": {"path":"C:\\Users\\Estefanía Telis\\Documents\\GitHub\\LIM009-fe-md-links\\src\\cli.js","statementMap":{"0":{"start":{"line":4,"column":26},"end":{"line":28,"column":1}},"1":{"start":{"line":5,"column":2},"end":{"line":27,"column":3}},"2":{"start":{"line":6,"column":4},"end":{"line":13,"column":6}},"3":{"start":{"line":8,"column":22},"end":{"line":10,"column":8}},"4":{"start":{"line":9,"column":8},"end":{"line":9,"column":59}},"5":{"start":{"line":11,"column":21},"end":{"line":11,"column":60}},"6":{"start":{"line":12,"column":8},"end":{"line":12,"column":23}},"7":{"start":{"line":14,"column":9},"end":{"line":27,"column":3}},"8":{"start":{"line":15,"column":6},"end":{"line":22,"column":6}},"9":{"start":{"line":17,"column":24},"end":{"line":19,"column":10}},"10":{"start":{"line":18,"column":10},"end":{"line":18,"column":99}},"11":{"start":{"line":20,"column":23},"end":{"line":20,"column":62}},"12":{"start":{"line":21,"column":10},"end":{"line":21,"column":25}},"13":{"start":{"line":23,"column":9},"end":{"line":27,"column":3}},"14":{"start":{"line":24,"column":6},"end":{"line":24,"column":92}},"15":{"start":{"line":24,"column":64},"end":{"line":24,"column":91}},"16":{"start":{"line":25,"column":9},"end":{"line":27,"column":3}},"17":{"start":{"line":26,"column":6},"end":{"line":26,"column":97}},"18":{"start":{"line":26,"column":63},"end":{"line":26,"column":96}}},"fnMap":{"0":{"name":"(anonymous_0)","decl":{"start":{"line":4,"column":26},"end":{"line":4,"column":27}},"loc":{"start":{"line":4,"column":55},"end":{"line":28,"column":1}},"line":4},"1":{"name":"(anonymous_1)","decl":{"start":{"line":7,"column":10},"end":{"line":7,"column":11}},"loc":{"start":{"line":7,"column":20},"end":{"line":13,"column":5}},"line":7},"2":{"name":"(anonymous_2)","decl":{"start":{"line":8,"column":33},"end":{"line":8,"column":34}},"loc":{"start":{"line":8,"column":41},"end":{"line":10,"column":7}},"line":8},"3":{"name":"(anonymous_3)","decl":{"start":{"line":16,"column":12},"end":{"line":16,"column":13}},"loc":{"start":{"line":16,"column":22},"end":{"line":22,"column":5}},"line":16},"4":{"name":"(anonymous_4)","decl":{"start":{"line":17,"column":35},"end":{"line":17,"column":36}},"loc":{"start":{"line":17,"column":43},"end":{"line":19,"column":9}},"line":17},"5":{"name":"(anonymous_5)","decl":{"start":{"line":24,"column":54},"end":{"line":24,"column":55}},"loc":{"start":{"line":24,"column":64},"end":{"line":24,"column":91}},"line":24},"6":{"name":"(anonymous_6)","decl":{"start":{"line":26,"column":53},"end":{"line":26,"column":54}},"loc":{"start":{"line":26,"column":63},"end":{"line":26,"column":96}},"line":26}},"branchMap":{"0":{"loc":{"start":{"line":5,"column":2},"end":{"line":27,"column":3}},"type":"if","locations":[{"start":{"line":5,"column":2},"end":{"line":27,"column":3}},{"start":{"line":5,"column":2},"end":{"line":27,"column":3}}],"line":5},"1":{"loc":{"start":{"line":5,"column":6},"end":{"line":5,"column":74}},"type":"binary-expr","locations":[{"start":{"line":5,"column":6},"end":{"line":5,"column":24}},{"start":{"line":5,"column":28},"end":{"line":5,"column":49}},{"start":{"line":5,"column":53},"end":{"line":5,"column":74}}],"line":5},"2":{"loc":{"start":{"line":14,"column":9},"end":{"line":27,"column":3}},"type":"if","locations":[{"start":{"line":14,"column":9},"end":{"line":27,"column":3}},{"start":{"line":14,"column":9},"end":{"line":27,"column":3}}],"line":14},"3":{"loc":{"start":{"line":14,"column":13},"end":{"line":14,"column":84}},"type":"binary-expr","locations":[{"start":{"line":14,"column":13},"end":{"line":14,"column":31}},{"start":{"line":14,"column":35},"end":{"line":14,"column":59}},{"start":{"line":14,"column":63},"end":{"line":14,"column":84}}],"line":14},"4":{"loc":{"start":{"line":23,"column":9},"end":{"line":27,"column":3}},"type":"if","locations":[{"start":{"line":23,"column":9},"end":{"line":27,"column":3}},{"start":{"line":23,"column":9},"end":{"line":27,"column":3}}],"line":23},"5":{"loc":{"start":{"line":23,"column":13},"end":{"line":23,"column":81}},"type":"binary-expr","locations":[{"start":{"line":23,"column":13},"end":{"line":23,"column":31}},{"start":{"line":23,"column":35},"end":{"line":23,"column":56}},{"start":{"line":23,"column":60},"end":{"line":23,"column":81}}],"line":23},"6":{"loc":{"start":{"line":25,"column":9},"end":{"line":27,"column":3}},"type":"if","locations":[{"start":{"line":25,"column":9},"end":{"line":27,"column":3}},{"start":{"line":25,"column":9},"end":{"line":27,"column":3}}],"line":25},"7":{"loc":{"start":{"line":25,"column":13},"end":{"line":25,"column":84}},"type":"binary-expr","locations":[{"start":{"line":25,"column":13},"end":{"line":25,"column":31}},{"start":{"line":25,"column":35},"end":{"line":25,"column":59}},{"start":{"line":25,"column":63},"end":{"line":25,"column":84}}],"line":25}},"s":{"0":1,"1":4,"2":1,"3":1,"4":2,"5":1,"6":1,"7":3,"8":1,"9":1,"10":2,"11":1,"12":1,"13":2,"14":1,"15":1,"16":1,"17":1,"18":1},"f":{"0":4,"1":1,"2":2,"3":1,"4":2,"5":1,"6":1},"b":{"0":[1,3],"1":[4,4,1],"2":[1,2],"3":[3,3,2],"4":[1,1],"5":[2,2,1],"6":[1,0],"7":[1,1,1]},"_coverageSchema":"43e27e138ebf9cfc5966b082cf9a028302ed4184","hash":"740bdcc88403892870c3a4d1c2ff58b9d5c0fc91"}
,"C:\\Users\\Estefanía Telis\\Documents\\GitHub\\LIM009-fe-md-links\\src\\index.js": {"path":"C:\\Users\\Estefanía Telis\\Documents\\GitHub\\LIM009-fe-md-links\\src\\index.js","statementMap":{"0":{"start":{"line":7,"column":28},"end":{"line":7,"column":39}},"1":{"start":{"line":8,"column":27},"end":{"line":8,"column":39}},"2":{"start":{"line":9,"column":27},"end":{"line":9,"column":41}},"3":{"start":{"line":10,"column":25},"end":{"line":10,"column":40}},"4":{"start":{"line":14,"column":30},"end":{"line":21,"column":1}},"5":{"start":{"line":15,"column":21},"end":{"line":15,"column":43}},"6":{"start":{"line":16,"column":2},"end":{"line":20,"column":3}},"7":{"start":{"line":17,"column":4},"end":{"line":17,"column":24}},"8":{"start":{"line":19,"column":4},"end":{"line":19,"column":31}},"9":{"start":{"line":24,"column":27},"end":{"line":27,"column":1}},"10":{"start":{"line":25,"column":19},"end":{"line":25,"column":38}},"11":{"start":{"line":26,"column":4},"end":{"line":26,"column":28}},"12":{"start":{"line":30,"column":24},"end":{"line":34,"column":1}},"13":{"start":{"line":31,"column":16},"end":{"line":31,"column":58}},"14":{"start":{"line":33,"column":2},"end":{"line":33,"column":17}},"15":{"start":{"line":36,"column":29},"end":{"line":39,"column":1}},"16":{"start":{"line":37,"column":24},"end":{"line":37,"column":48}},"17":{"start":{"line":38,"column":2},"end":{"line":38,"column":25}},"18":{"start":{"line":41,"column":37},"end":{"line":52,"column":1}},"19":{"start":{"line":42,"column":14},"end":{"line":42,"column":16}},"20":{"start":{"line":43,"column":17},"end":{"line":43,"column":38}},"21":{"start":{"line":44,"column":2},"end":{"line":49,"column":4}},"22":{"start":{"line":45,"column":4},"end":{"line":48,"column":32}},"23":{"start":{"line":50,"column":2},"end":{"line":50,"column":43}},"24":{"start":{"line":51,"column":2},"end":{"line":51,"column":14}},"25":{"start":{"line":55,"column":32},"end":{"line":69,"column":1}},"26":{"start":{"line":56,"column":21},"end":{"line":56,"column":23}},"27":{"start":{"line":57,"column":2},"end":{"line":67,"column":3}},"28":{"start":{"line":58,"column":4},"end":{"line":60,"column":5}},"29":{"start":{"line":59,"column":6},"end":{"line":59,"column":31}},"30":{"start":{"line":62,"column":17},"end":{"line":62,"column":35}},"31":{"start":{"line":63,"column":4},"end":{"line":66,"column":7}},"32":{"start":{"line":64,"column":22},"end":{"line":64,"column":65}},"33":{"start":{"line":65,"column":6},"end":{"line":65,"column":52}},"34":{"start":{"line":68,"column":2},"end":{"line":68,"column":21}},"35":{"start":{"line":71,"column":29},"end":{"line":92,"column":1}},"36":{"start":{"line":72,"column":14},"end":{"line":90,"column":4}},"37":{"start":{"line":73,"column":4},"end":{"line":84,"column":6}},"38":{"start":{"line":75,"column":6},"end":{"line":83,"column":9}},"39":{"start":{"line":76,"column":8},"end":{"line":76,"column":31}},"40":{"start":{"line":77,"column":8},"end":{"line":77,"column":39}},"41":{"start":{"line":78,"column":8},"end":{"line":78,"column":18}},"42":{"start":{"line":80,"column":8},"end":{"line":80,"column":31}},"43":{"start":{"line":81,"column":8},"end":{"line":81,"column":39}},"44":{"start":{"line":82,"column":8},"end":{"line":82,"column":18}},"45":{"start":{"line":91,"column":2},"end":{"line":91,"column":27}},"46":{"start":{"line":94,"column":30},"end":{"line":102,"column":1}},"47":{"start":{"line":95,"column":17},"end":{"line":99,"column":4}},"48":{"start":{"line":97,"column":18},"end":{"line":97,"column":72}},"49":{"start":{"line":98,"column":4},"end":{"line":98,"column":18}},"50":{"start":{"line":101,"column":2},"end":{"line":101,"column":29}}},"fnMap":{"0":{"name":"(anonymous_0)","decl":{"start":{"line":14,"column":30},"end":{"line":14,"column":31}},"loc":{"start":{"line":14,"column":41},"end":{"line":21,"column":1}},"line":14},"1":{"name":"(anonymous_1)","decl":{"start":{"line":24,"column":27},"end":{"line":24,"column":28}},"loc":{"start":{"line":24,"column":38},"end":{"line":27,"column":1}},"line":24},"2":{"name":"(anonymous_2)","decl":{"start":{"line":30,"column":24},"end":{"line":30,"column":25}},"loc":{"start":{"line":30,"column":35},"end":{"line":34,"column":1}},"line":30},"3":{"name":"(anonymous_3)","decl":{"start":{"line":36,"column":29},"end":{"line":36,"column":30}},"loc":{"start":{"line":36,"column":40},"end":{"line":39,"column":1}},"line":36},"4":{"name":"(anonymous_4)","decl":{"start":{"line":41,"column":37},"end":{"line":41,"column":38}},"loc":{"start":{"line":41,"column":58},"end":{"line":52,"column":1}},"line":41},"5":{"name":"(anonymous_5)","decl":{"start":{"line":44,"column":18},"end":{"line":44,"column":19}},"loc":{"start":{"line":44,"column":47},"end":{"line":49,"column":3}},"line":44},"6":{"name":"(anonymous_6)","decl":{"start":{"line":55,"column":32},"end":{"line":55,"column":33}},"loc":{"start":{"line":55,"column":43},"end":{"line":69,"column":1}},"line":55},"7":{"name":"(anonymous_7)","decl":{"start":{"line":63,"column":19},"end":{"line":63,"column":20}},"loc":{"start":{"line":63,"column":32},"end":{"line":66,"column":5}},"line":63},"8":{"name":"(anonymous_8)","decl":{"start":{"line":71,"column":29},"end":{"line":71,"column":30}},"loc":{"start":{"line":71,"column":40},"end":{"line":92,"column":1}},"line":71},"9":{"name":"(anonymous_9)","decl":{"start":{"line":72,"column":24},"end":{"line":72,"column":25}},"loc":{"start":{"line":72,"column":31},"end":{"line":90,"column":3}},"line":72},"10":{"name":"(anonymous_10)","decl":{"start":{"line":74,"column":10},"end":{"line":74,"column":11}},"loc":{"start":{"line":74,"column":17},"end":{"line":84,"column":5}},"line":74},"11":{"name":"(anonymous_11)","decl":{"start":{"line":94,"column":30},"end":{"line":94,"column":31}},"loc":{"start":{"line":94,"column":41},"end":{"line":102,"column":1}},"line":94},"12":{"name":"(anonymous_12)","decl":{"start":{"line":95,"column":45},"end":{"line":95,"column":46}},"loc":{"start":{"line":95,"column":56},"end":{"line":99,"column":3}},"line":95}},"branchMap":{"0":{"loc":{"start":{"line":16,"column":2},"end":{"line":20,"column":3}},"type":"if","locations":[{"start":{"line":16,"column":2},"end":{"line":20,"column":3}},{"start":{"line":16,"column":2},"end":{"line":20,"column":3}}],"line":16},"1":{"loc":{"start":{"line":57,"column":2},"end":{"line":67,"column":3}},"type":"if","locations":[{"start":{"line":57,"column":2},"end":{"line":67,"column":3}},{"start":{"line":57,"column":2},"end":{"line":67,"column":3}}],"line":57},"2":{"loc":{"start":{"line":58,"column":4},"end":{"line":60,"column":5}},"type":"if","locations":[{"start":{"line":58,"column":4},"end":{"line":60,"column":5}},{"start":{"line":58,"column":4},"end":{"line":60,"column":5}}],"line":58},"3":{"loc":{"start":{"line":75,"column":6},"end":{"line":83,"column":9}},"type":"if","locations":[{"start":{"line":75,"column":6},"end":{"line":83,"column":9}},{"start":{"line":75,"column":6},"end":{"line":83,"column":9}}],"line":75},"4":{"loc":{"start":{"line":75,"column":9},"end":{"line":75,"column":45}},"type":"binary-expr","locations":[{"start":{"line":75,"column":9},"end":{"line":75,"column":25}},{"start":{"line":75,"column":29},"end":{"line":75,"column":45}}],"line":75}},"s":{"0":3,"1":3,"2":3,"3":3,"4":3,"5":2,"6":2,"7":1,"8":1,"9":3,"10":18,"11":16,"12":3,"13":15,"14":15,"15":3,"16":8,"17":8,"18":3,"19":8,"20":8,"21":8,"22":13,"23":8,"24":8,"25":3,"26":15,"27":15,"28":12,"29":11,"30":2,"31":2,"32":5,"33":5,"34":14,"35":3,"36":5,"37":8,"38":8,"39":5,"40":5,"41":5,"42":3,"43":3,"44":3,"45":5,"46":3,"47":8,"48":7,"49":7,"50":7},"f":{"0":2,"1":18,"2":15,"3":8,"4":8,"5":13,"6":15,"7":5,"8":5,"9":8,"10":8,"11":8,"12":7},"b":{"0":[1,1],"1":[12,2],"2":[11,1],"3":[5,3],"4":[8,8]},"_coverageSchema":"43e27e138ebf9cfc5966b082cf9a028302ed4184","hash":"013474cca0c407dcd3141800c7f90ffb8aa026f0"}
,"C:\\Users\\Estefanía Telis\\Documents\\GitHub\\LIM009-fe-md-links\\src\\mdLinks.js": {"path":"C:\\Users\\Estefanía Telis\\Documents\\GitHub\\LIM009-fe-md-links\\src\\mdLinks.js","statementMap":{"0":{"start":{"line":4,"column":19},"end":{"line":25,"column":22}},"1":{"start":{"line":27,"column":20},"end":{"line":67,"column":28}},"2":{"start":{"line":69,"column":23},"end":{"line":82,"column":1}},"3":{"start":{"line":70,"column":2},"end":{"line":81,"column":5}},"4":{"start":{"line":71,"column":4},"end":{"line":80,"column":5}},"5":{"start":{"line":72,"column":20},"end":{"line":72,"column":40}},"6":{"start":{"line":73,"column":6},"end":{"line":77,"column":7}},"7":{"start":{"line":74,"column":8},"end":{"line":74,"column":37}},"8":{"start":{"line":76,"column":8},"end":{"line":76,"column":22}},"9":{"start":{"line":79,"column":6},"end":{"line":79,"column":19}},"10":{"start":{"line":91,"column":35},"end":{"line":102,"column":1}},"11":{"start":{"line":92,"column":22},"end":{"line":94,"column":4}},"12":{"start":{"line":93,"column":4},"end":{"line":93,"column":23}},"13":{"start":{"line":96,"column":25},"end":{"line":99,"column":4}},"14":{"start":{"line":98,"column":4},"end":{"line":98,"column":39}},"15":{"start":{"line":101,"column":2},"end":{"line":101,"column":76}},"16":{"start":{"line":107,"column":41},"end":{"line":124,"column":1}},"17":{"start":{"line":108,"column":22},"end":{"line":110,"column":4}},"18":{"start":{"line":109,"column":4},"end":{"line":109,"column":23}},"19":{"start":{"line":112,"column":25},"end":{"line":114,"column":4}},"20":{"start":{"line":113,"column":4},"end":{"line":113,"column":39}},"21":{"start":{"line":116,"column":22},"end":{"line":121,"column":4}},"22":{"start":{"line":117,"column":4},"end":{"line":119,"column":5}},"23":{"start":{"line":118,"column":6},"end":{"line":118,"column":17}},"24":{"start":{"line":120,"column":4},"end":{"line":120,"column":17}},"25":{"start":{"line":123,"column":2},"end":{"line":123,"column":113}}},"fnMap":{"0":{"name":"(anonymous_0)","decl":{"start":{"line":69,"column":23},"end":{"line":69,"column":24}},"loc":{"start":{"line":69,"column":42},"end":{"line":82,"column":1}},"line":69},"1":{"name":"(anonymous_1)","decl":{"start":{"line":70,"column":21},"end":{"line":70,"column":22}},"loc":{"start":{"line":70,"column":42},"end":{"line":81,"column":3}},"line":70},"2":{"name":"(anonymous_2)","decl":{"start":{"line":91,"column":35},"end":{"line":91,"column":36}},"loc":{"start":{"line":91,"column":46},"end":{"line":102,"column":1}},"line":91},"3":{"name":"(anonymous_3)","decl":{"start":{"line":92,"column":32},"end":{"line":92,"column":33}},"loc":{"start":{"line":92,"column":43},"end":{"line":94,"column":3}},"line":92},"4":{"name":"(anonymous_4)","decl":{"start":{"line":96,"column":46},"end":{"line":96,"column":47}},"loc":{"start":{"line":96,"column":66},"end":{"line":99,"column":3}},"line":96},"5":{"name":"(anonymous_5)","decl":{"start":{"line":107,"column":41},"end":{"line":107,"column":42}},"loc":{"start":{"line":107,"column":52},"end":{"line":124,"column":1}},"line":107},"6":{"name":"(anonymous_6)","decl":{"start":{"line":108,"column":32},"end":{"line":108,"column":33}},"loc":{"start":{"line":108,"column":43},"end":{"line":110,"column":3}},"line":108},"7":{"name":"(anonymous_7)","decl":{"start":{"line":112,"column":46},"end":{"line":112,"column":47}},"loc":{"start":{"line":112,"column":66},"end":{"line":114,"column":3}},"line":112},"8":{"name":"(anonymous_8)","decl":{"start":{"line":116,"column":35},"end":{"line":116,"column":36}},"loc":{"start":{"line":116,"column":43},"end":{"line":121,"column":3}},"line":116}},"branchMap":{"0":{"loc":{"start":{"line":73,"column":6},"end":{"line":77,"column":7}},"type":"if","locations":[{"start":{"line":73,"column":6},"end":{"line":77,"column":7}},{"start":{"line":73,"column":6},"end":{"line":77,"column":7}}],"line":73},"1":{"loc":{"start":{"line":73,"column":10},"end":{"line":73,"column":46}},"type":"binary-expr","locations":[{"start":{"line":73,"column":10},"end":{"line":73,"column":17}},{"start":{"line":73,"column":21},"end":{"line":73,"column":46}}],"line":73},"2":{"loc":{"start":{"line":117,"column":4},"end":{"line":119,"column":5}},"type":"if","locations":[{"start":{"line":117,"column":4},"end":{"line":119,"column":5}},{"start":{"line":117,"column":4},"end":{"line":119,"column":5}}],"line":117},"3":{"loc":{"start":{"line":117,"column":7},"end":{"line":117,"column":68}},"type":"binary-expr","locations":[{"start":{"line":117,"column":7},"end":{"line":117,"column":38}},{"start":{"line":117,"column":42},"end":{"line":117,"column":68}}],"line":117}},"s":{"0":2,"1":2,"2":2,"3":7,"4":7,"5":7,"6":6,"7":3,"8":3,"9":1,"10":2,"11":2,"12":4,"13":2,"14":4,"15":2,"16":2,"17":2,"18":4,"19":2,"20":4,"21":2,"22":4,"23":2,"24":2,"25":2},"f":{"0":7,"1":7,"2":2,"3":4,"4":4,"5":2,"6":4,"7":4,"8":4},"b":{"0":[3,3],"1":[6,6],"2":[2,2],"3":[4,2]},"_coverageSchema":"43e27e138ebf9cfc5966b082cf9a028302ed4184","hash":"8b394d9ec73c410a06132dfb352fc84b35f1323f"}
}
