{"C:\\Users\\Estefanía Telis\\Documents\\GitHub\\LIM009-fe-md-links\\src\\index.js": {"path":"C:\\Users\\Estefanía Telis\\Documents\\GitHub\\LIM009-fe-md-links\\src\\index.js","statementMap":{"0":{"start":{"line":2,"column":13},"end":{"line":2,"column":28}},"1":{"start":{"line":3,"column":11},"end":{"line":3,"column":24}},"2":{"start":{"line":4,"column":14},"end":{"line":4,"column":35}},"3":{"start":{"line":5,"column":15},"end":{"line":5,"column":32}},"4":{"start":{"line":8,"column":28},"end":{"line":8,"column":39}},"5":{"start":{"line":9,"column":27},"end":{"line":9,"column":39}},"6":{"start":{"line":10,"column":27},"end":{"line":10,"column":41}},"7":{"start":{"line":11,"column":25},"end":{"line":11,"column":40}},"8":{"start":{"line":14,"column":12},"end":{"line":14,"column":74}},"9":{"start":{"line":15,"column":12},"end":{"line":15,"column":79}},"10":{"start":{"line":16,"column":12},"end":{"line":16,"column":30}},"11":{"start":{"line":17,"column":12},"end":{"line":17,"column":55}},"12":{"start":{"line":18,"column":12},"end":{"line":18,"column":54}},"13":{"start":{"line":19,"column":12},"end":{"line":19,"column":81}},"14":{"start":{"line":20,"column":12},"end":{"line":20,"column":75}},"15":{"start":{"line":21,"column":12},"end":{"line":21,"column":67}},"16":{"start":{"line":22,"column":12},"end":{"line":22,"column":61}},"17":{"start":{"line":23,"column":13},"end":{"line":23,"column":78}},"18":{"start":{"line":24,"column":13},"end":{"line":26,"column":76}},"19":{"start":{"line":27,"column":13},"end":{"line":30,"column":21}},"20":{"start":{"line":31,"column":13},"end":{"line":40,"column":30}},"21":{"start":{"line":41,"column":14},"end":{"line":59,"column":23}},"22":{"start":{"line":61,"column":30},"end":{"line":68,"column":1}},"23":{"start":{"line":62,"column":21},"end":{"line":62,"column":43}},"24":{"start":{"line":63,"column":2},"end":{"line":67,"column":3}},"25":{"start":{"line":64,"column":4},"end":{"line":64,"column":24}},"26":{"start":{"line":66,"column":4},"end":{"line":66,"column":31}},"27":{"start":{"line":71,"column":27},"end":{"line":74,"column":1}},"28":{"start":{"line":72,"column":19},"end":{"line":72,"column":38}},"29":{"start":{"line":73,"column":4},"end":{"line":73,"column":28}},"30":{"start":{"line":77,"column":27},"end":{"line":80,"column":1}},"31":{"start":{"line":78,"column":16},"end":{"line":78,"column":44}},"32":{"start":{"line":79,"column":2},"end":{"line":79,"column":17}},"33":{"start":{"line":82,"column":29},"end":{"line":85,"column":1}},"34":{"start":{"line":83,"column":24},"end":{"line":83,"column":48}},"35":{"start":{"line":84,"column":2},"end":{"line":84,"column":25}},"36":{"start":{"line":92,"column":19},"end":{"line":92,"column":186}},"37":{"start":{"line":94,"column":37},"end":{"line":105,"column":1}},"38":{"start":{"line":95,"column":14},"end":{"line":95,"column":16}},"39":{"start":{"line":96,"column":17},"end":{"line":96,"column":38}},"40":{"start":{"line":97,"column":2},"end":{"line":102,"column":4}},"41":{"start":{"line":98,"column":4},"end":{"line":101,"column":32}},"42":{"start":{"line":103,"column":2},"end":{"line":103,"column":43}},"43":{"start":{"line":104,"column":2},"end":{"line":104,"column":14}},"44":{"start":{"line":115,"column":32},"end":{"line":131,"column":1}},"45":{"start":{"line":116,"column":21},"end":{"line":116,"column":23}},"46":{"start":{"line":117,"column":2},"end":{"line":129,"column":3}},"47":{"start":{"line":118,"column":4},"end":{"line":122,"column":5}},"48":{"start":{"line":119,"column":6},"end":{"line":119,"column":31}},"49":{"start":{"line":124,"column":17},"end":{"line":124,"column":35}},"50":{"start":{"line":125,"column":4},"end":{"line":128,"column":7}},"51":{"start":{"line":126,"column":22},"end":{"line":126,"column":65}},"52":{"start":{"line":127,"column":6},"end":{"line":127,"column":52}},"53":{"start":{"line":130,"column":2},"end":{"line":130,"column":21}},"54":{"start":{"line":135,"column":13},"end":{"line":138,"column":33}},"55":{"start":{"line":140,"column":29},"end":{"line":166,"column":1}},"56":{"start":{"line":141,"column":14},"end":{"line":164,"column":4}},"57":{"start":{"line":142,"column":4},"end":{"line":163,"column":6}},"58":{"start":{"line":144,"column":6},"end":{"line":152,"column":7}},"59":{"start":{"line":145,"column":8},"end":{"line":145,"column":31}},"60":{"start":{"line":146,"column":8},"end":{"line":146,"column":39}},"61":{"start":{"line":147,"column":8},"end":{"line":147,"column":18}},"62":{"start":{"line":148,"column":13},"end":{"line":152,"column":7}},"63":{"start":{"line":149,"column":8},"end":{"line":149,"column":31}},"64":{"start":{"line":150,"column":8},"end":{"line":150,"column":39}},"65":{"start":{"line":151,"column":8},"end":{"line":151,"column":18}},"66":{"start":{"line":160,"column":6},"end":{"line":160,"column":25}},"67":{"start":{"line":161,"column":6},"end":{"line":161,"column":29}},"68":{"start":{"line":162,"column":6},"end":{"line":162,"column":16}},"69":{"start":{"line":165,"column":2},"end":{"line":165,"column":27}},"70":{"start":{"line":175,"column":37},"end":{"line":181,"column":1}},"71":{"start":{"line":176,"column":17},"end":{"line":179,"column":4}},"72":{"start":{"line":177,"column":18},"end":{"line":177,"column":70}},"73":{"start":{"line":178,"column":4},"end":{"line":178,"column":18}},"74":{"start":{"line":180,"column":2},"end":{"line":180,"column":29}}},"fnMap":{"0":{"name":"(anonymous_0)","decl":{"start":{"line":61,"column":30},"end":{"line":61,"column":31}},"loc":{"start":{"line":61,"column":41},"end":{"line":68,"column":1}},"line":61},"1":{"name":"(anonymous_1)","decl":{"start":{"line":71,"column":27},"end":{"line":71,"column":28}},"loc":{"start":{"line":71,"column":38},"end":{"line":74,"column":1}},"line":71},"2":{"name":"(anonymous_2)","decl":{"start":{"line":77,"column":27},"end":{"line":77,"column":28}},"loc":{"start":{"line":77,"column":38},"end":{"line":80,"column":1}},"line":77},"3":{"name":"(anonymous_3)","decl":{"start":{"line":82,"column":29},"end":{"line":82,"column":30}},"loc":{"start":{"line":82,"column":40},"end":{"line":85,"column":1}},"line":82},"4":{"name":"(anonymous_4)","decl":{"start":{"line":94,"column":37},"end":{"line":94,"column":38}},"loc":{"start":{"line":94,"column":58},"end":{"line":105,"column":1}},"line":94},"5":{"name":"(anonymous_5)","decl":{"start":{"line":97,"column":18},"end":{"line":97,"column":19}},"loc":{"start":{"line":97,"column":47},"end":{"line":102,"column":3}},"line":97},"6":{"name":"(anonymous_6)","decl":{"start":{"line":115,"column":32},"end":{"line":115,"column":33}},"loc":{"start":{"line":115,"column":43},"end":{"line":131,"column":1}},"line":115},"7":{"name":"(anonymous_7)","decl":{"start":{"line":125,"column":19},"end":{"line":125,"column":20}},"loc":{"start":{"line":125,"column":32},"end":{"line":128,"column":5}},"line":125},"8":{"name":"(anonymous_8)","decl":{"start":{"line":140,"column":29},"end":{"line":140,"column":30}},"loc":{"start":{"line":140,"column":40},"end":{"line":166,"column":1}},"line":140},"9":{"name":"(anonymous_9)","decl":{"start":{"line":141,"column":24},"end":{"line":141,"column":25}},"loc":{"start":{"line":141,"column":31},"end":{"line":164,"column":3}},"line":141},"10":{"name":"(anonymous_10)","decl":{"start":{"line":143,"column":10},"end":{"line":143,"column":11}},"loc":{"start":{"line":143,"column":17},"end":{"line":158,"column":5}},"line":143},"11":{"name":"(anonymous_11)","decl":{"start":{"line":159,"column":11},"end":{"line":159,"column":12}},"loc":{"start":{"line":159,"column":17},"end":{"line":163,"column":5}},"line":159},"12":{"name":"(anonymous_12)","decl":{"start":{"line":175,"column":37},"end":{"line":175,"column":38}},"loc":{"start":{"line":175,"column":48},"end":{"line":181,"column":1}},"line":175},"13":{"name":"(anonymous_13)","decl":{"start":{"line":176,"column":45},"end":{"line":176,"column":46}},"loc":{"start":{"line":176,"column":56},"end":{"line":179,"column":3}},"line":176}},"branchMap":{"0":{"loc":{"start":{"line":63,"column":2},"end":{"line":67,"column":3}},"type":"if","locations":[{"start":{"line":63,"column":2},"end":{"line":67,"column":3}},{"start":{"line":63,"column":2},"end":{"line":67,"column":3}}],"line":63},"1":{"loc":{"start":{"line":117,"column":2},"end":{"line":129,"column":3}},"type":"if","locations":[{"start":{"line":117,"column":2},"end":{"line":129,"column":3}},{"start":{"line":117,"column":2},"end":{"line":129,"column":3}}],"line":117},"2":{"loc":{"start":{"line":118,"column":4},"end":{"line":122,"column":5}},"type":"if","locations":[{"start":{"line":118,"column":4},"end":{"line":122,"column":5}},{"start":{"line":118,"column":4},"end":{"line":122,"column":5}}],"line":118},"3":{"loc":{"start":{"line":144,"column":6},"end":{"line":152,"column":7}},"type":"if","locations":[{"start":{"line":144,"column":6},"end":{"line":152,"column":7}},{"start":{"line":144,"column":6},"end":{"line":152,"column":7}}],"line":144},"4":{"loc":{"start":{"line":148,"column":13},"end":{"line":152,"column":7}},"type":"if","locations":[{"start":{"line":148,"column":13},"end":{"line":152,"column":7}},{"start":{"line":148,"column":13},"end":{"line":152,"column":7}}],"line":148}},"s":{"0":2,"1":2,"2":2,"3":2,"4":2,"5":2,"6":2,"7":2,"8":2,"9":2,"10":2,"11":2,"12":2,"13":2,"14":2,"15":2,"16":2,"17":2,"18":2,"19":2,"20":2,"21":2,"22":2,"23":2,"24":2,"25":1,"26":1,"27":2,"28":48,"29":47,"30":2,"31":29,"32":29,"33":2,"34":10,"35":10,"36":2,"37":2,"38":10,"39":10,"40":10,"41":21,"42":10,"43":10,"44":2,"45":45,"46":45,"47":27,"48":13,"49":18,"50":18,"51":39,"52":39,"53":45,"54":2,"55":2,"56":3,"57":13,"58":4,"59":2,"60":2,"61":2,"62":2,"63":2,"64":2,"65":2,"66":2,"67":2,"68":2,"69":3,"70":2,"71":3,"72":9,"73":9,"74":3},"f":{"0":2,"1":48,"2":29,"3":10,"4":10,"5":21,"6":45,"7":39,"8":3,"9":13,"10":4,"11":2,"12":3,"13":9},"b":{"0":[1,1],"1":[27,18],"2":[13,14],"3":[2,2],"4":[2,0]},"_coverageSchema":"43e27e138ebf9cfc5966b082cf9a028302ed4184","hash":"391becbea2d05afc954198cca6f51b962c19776a"}
,"C:\\Users\\Estefanía Telis\\Documents\\GitHub\\LIM009-fe-md-links\\src\\mdLinks.js": {"path":"C:\\Users\\Estefanía Telis\\Documents\\GitHub\\LIM009-fe-md-links\\src\\mdLinks.js","statementMap":{"0":{"start":{"line":3,"column":19},"end":{"line":21,"column":22}},"1":{"start":{"line":23,"column":22},"end":{"line":63,"column":29}},"2":{"start":{"line":65,"column":23},"end":{"line":77,"column":1}},"3":{"start":{"line":66,"column":2},"end":{"line":76,"column":5}},"4":{"start":{"line":67,"column":4},"end":{"line":75,"column":5}},"5":{"start":{"line":68,"column":6},"end":{"line":72,"column":7}},"6":{"start":{"line":69,"column":8},"end":{"line":69,"column":59}},"7":{"start":{"line":71,"column":8},"end":{"line":71,"column":44}},"8":{"start":{"line":74,"column":6},"end":{"line":74,"column":19}},"9":{"start":{"line":83,"column":35},"end":{"line":93,"column":1}},"10":{"start":{"line":84,"column":22},"end":{"line":86,"column":4}},"11":{"start":{"line":85,"column":4},"end":{"line":85,"column":23}},"12":{"start":{"line":88,"column":25},"end":{"line":90,"column":4}},"13":{"start":{"line":89,"column":4},"end":{"line":89,"column":39}},"14":{"start":{"line":92,"column":2},"end":{"line":92,"column":75}},"15":{"start":{"line":98,"column":41},"end":{"line":115,"column":1}},"16":{"start":{"line":99,"column":22},"end":{"line":101,"column":4}},"17":{"start":{"line":100,"column":4},"end":{"line":100,"column":23}},"18":{"start":{"line":103,"column":25},"end":{"line":105,"column":4}},"19":{"start":{"line":104,"column":4},"end":{"line":104,"column":39}},"20":{"start":{"line":107,"column":22},"end":{"line":113,"column":4}},"21":{"start":{"line":108,"column":3},"end":{"line":112,"column":3}},"22":{"start":{"line":109,"column":4},"end":{"line":109,"column":22}},"23":{"start":{"line":110,"column":9},"end":{"line":112,"column":3}},"24":{"start":{"line":111,"column":6},"end":{"line":111,"column":24}},"25":{"start":{"line":114,"column":4},"end":{"line":114,"column":113}}},"fnMap":{"0":{"name":"(anonymous_0)","decl":{"start":{"line":65,"column":23},"end":{"line":65,"column":24}},"loc":{"start":{"line":65,"column":42},"end":{"line":77,"column":1}},"line":65},"1":{"name":"(anonymous_1)","decl":{"start":{"line":66,"column":21},"end":{"line":66,"column":22}},"loc":{"start":{"line":66,"column":42},"end":{"line":76,"column":3}},"line":66},"2":{"name":"(anonymous_2)","decl":{"start":{"line":83,"column":35},"end":{"line":83,"column":36}},"loc":{"start":{"line":83,"column":46},"end":{"line":93,"column":1}},"line":83},"3":{"name":"(anonymous_3)","decl":{"start":{"line":84,"column":32},"end":{"line":84,"column":33}},"loc":{"start":{"line":84,"column":43},"end":{"line":86,"column":3}},"line":84},"4":{"name":"(anonymous_4)","decl":{"start":{"line":88,"column":46},"end":{"line":88,"column":47}},"loc":{"start":{"line":88,"column":66},"end":{"line":90,"column":3}},"line":88},"5":{"name":"(anonymous_5)","decl":{"start":{"line":98,"column":41},"end":{"line":98,"column":42}},"loc":{"start":{"line":98,"column":52},"end":{"line":115,"column":1}},"line":98},"6":{"name":"(anonymous_6)","decl":{"start":{"line":99,"column":32},"end":{"line":99,"column":33}},"loc":{"start":{"line":99,"column":43},"end":{"line":101,"column":3}},"line":99},"7":{"name":"(anonymous_7)","decl":{"start":{"line":103,"column":46},"end":{"line":103,"column":47}},"loc":{"start":{"line":103,"column":66},"end":{"line":105,"column":3}},"line":103},"8":{"name":"(anonymous_8)","decl":{"start":{"line":107,"column":35},"end":{"line":107,"column":36}},"loc":{"start":{"line":107,"column":43},"end":{"line":113,"column":3}},"line":107}},"branchMap":{"0":{"loc":{"start":{"line":68,"column":6},"end":{"line":72,"column":7}},"type":"if","locations":[{"start":{"line":68,"column":6},"end":{"line":72,"column":7}},{"start":{"line":68,"column":6},"end":{"line":72,"column":7}}],"line":68},"1":{"loc":{"start":{"line":108,"column":3},"end":{"line":112,"column":3}},"type":"if","locations":[{"start":{"line":108,"column":3},"end":{"line":112,"column":3}},{"start":{"line":108,"column":3},"end":{"line":112,"column":3}}],"line":108},"2":{"loc":{"start":{"line":108,"column":6},"end":{"line":108,"column":59}},"type":"binary-expr","locations":[{"start":{"line":108,"column":6},"end":{"line":108,"column":33}},{"start":{"line":108,"column":37},"end":{"line":108,"column":59}}],"line":108},"3":{"loc":{"start":{"line":110,"column":9},"end":{"line":112,"column":3}},"type":"if","locations":[{"start":{"line":110,"column":9},"end":{"line":112,"column":3}},{"start":{"line":110,"column":9},"end":{"line":112,"column":3}}],"line":110}},"s":{"0":1,"1":1,"2":1,"3":2,"4":2,"5":2,"6":1,"7":1,"8":0,"9":1,"10":1,"11":6,"12":1,"13":6,"14":1,"15":1,"16":1,"17":6,"18":1,"19":6,"20":1,"21":6,"22":2,"23":4,"24":2,"25":1},"f":{"0":2,"1":2,"2":1,"3":6,"4":6,"5":1,"6":6,"7":6,"8":6},"b":{"0":[1,1],"1":[2,4],"2":[6,6],"3":[2,2]},"_coverageSchema":"43e27e138ebf9cfc5966b082cf9a028302ed4184","hash":"69a85f87b9edc92eadd49dbbed6e83fcf3cd4eac"}
}
