TN:
SF:C:\Users\Estefanía Telis\Documents\GitHub\LIM009-fe-md-links\src\index.js
FN:61,(anonymous_0)
FN:71,(anonymous_1)
FN:77,(anonymous_2)
FN:82,(anonymous_3)
FN:94,(anonymous_4)
FN:97,(anonymous_5)
FN:115,(anonymous_6)
FN:125,(anonymous_7)
FN:140,(anonymous_8)
FN:141,(anonymous_9)
FN:143,(anonymous_10)
FN:159,(anonymous_11)
FN:175,(anonymous_12)
FN:176,(anonymous_13)
FNF:14
FNH:14
FNDA:2,(anonymous_0)
FNDA:48,(anonymous_1)
FNDA:29,(anonymous_2)
FNDA:10,(anonymous_3)
FNDA:10,(anonymous_4)
FNDA:21,(anonymous_5)
FNDA:45,(anonymous_6)
FNDA:39,(anonymous_7)
FNDA:3,(anonymous_8)
FNDA:13,(anonymous_9)
FNDA:4,(anonymous_10)
FNDA:2,(anonymous_11)
FNDA:3,(anonymous_12)
FNDA:9,(anonymous_13)
DA:2,2
DA:3,2
DA:4,2
DA:5,2
DA:8,2
DA:9,2
DA:10,2
DA:11,2
DA:14,2
DA:15,2
DA:16,2
DA:17,2
DA:18,2
DA:19,2
DA:20,2
DA:21,2
DA:22,2
DA:23,2
DA:24,2
DA:27,2
DA:31,2
DA:41,2
DA:61,2
DA:62,2
DA:63,2
DA:64,1
DA:66,1
DA:71,2
DA:72,48
DA:73,47
DA:77,2
DA:78,29
DA:79,29
DA:82,2
DA:83,10
DA:84,10
DA:92,2
DA:94,2
DA:95,10
DA:96,10
DA:97,10
DA:98,21
DA:103,10
DA:104,10
DA:115,2
DA:116,45
DA:117,45
DA:118,27
DA:119,13
DA:124,18
DA:125,18
DA:126,39
DA:127,39
DA:130,45
DA:135,2
DA:140,2
DA:141,3
DA:142,13
DA:144,4
DA:145,2
DA:146,2
DA:147,2
DA:148,2
DA:149,2
DA:150,2
DA:151,2
DA:160,2
DA:161,2
DA:162,2
DA:165,3
DA:175,2
DA:176,3
DA:177,9
DA:178,9
DA:180,3
LF:75
LH:75
BRDA:63,0,0,1
BRDA:63,0,1,1
BRDA:117,1,0,27
BRDA:117,1,1,18
BRDA:118,2,0,13
BRDA:118,2,1,14
BRDA:144,3,0,2
BRDA:144,3,1,2
BRDA:148,4,0,2
BRDA:148,4,1,0
BRF:10
BRH:9
end_of_record
TN:
SF:C:\Users\Estefanía Telis\Documents\GitHub\LIM009-fe-md-links\src\mdLinks.js
FN:65,(anonymous_0)
FN:66,(anonymous_1)
FN:83,(anonymous_2)
FN:84,(anonymous_3)
FN:88,(anonymous_4)
FN:98,(anonymous_5)
FN:99,(anonymous_6)
FN:103,(anonymous_7)
FN:107,(anonymous_8)
FNF:9
FNH:9
FNDA:2,(anonymous_0)
FNDA:2,(anonymous_1)
FNDA:1,(anonymous_2)
FNDA:6,(anonymous_3)
FNDA:6,(anonymous_4)
FNDA:1,(anonymous_5)
FNDA:6,(anonymous_6)
FNDA:6,(anonymous_7)
FNDA:6,(anonymous_8)
DA:3,1
DA:23,1
DA:65,1
DA:66,2
DA:67,2
DA:68,2
DA:69,1
DA:71,1
DA:74,0
DA:83,1
DA:84,1
DA:85,6
DA:88,1
DA:89,6
DA:92,1
DA:98,1
DA:99,1
DA:100,6
DA:103,1
DA:104,6
DA:107,1
DA:108,6
DA:109,2
DA:110,4
DA:111,2
DA:114,1
LF:26
LH:25
BRDA:68,0,0,1
BRDA:68,0,1,1
BRDA:108,1,0,2
BRDA:108,1,1,4
BRDA:108,2,0,6
BRDA:108,2,1,6
BRDA:110,3,0,2
BRDA:110,3,1,2
BRF:8
BRH:8
end_of_record
