TN:
SF:C:\Users\Estefanía Telis\Documents\GitHub\LIM009-fe-md-links\src\cli.js
FN:4,(anonymous_0)
FN:7,(anonymous_1)
FN:8,(anonymous_2)
FN:16,(anonymous_3)
FN:17,(anonymous_4)
FN:24,(anonymous_5)
FN:26,(anonymous_6)
FNF:7
FNH:7
FNDA:4,(anonymous_0)
FNDA:1,(anonymous_1)
FNDA:2,(anonymous_2)
FNDA:1,(anonymous_3)
FNDA:2,(anonymous_4)
FNDA:1,(anonymous_5)
FNDA:1,(anonymous_6)
DA:4,1
DA:5,4
DA:6,1
DA:8,1
DA:9,2
DA:11,1
DA:12,1
DA:14,3
DA:15,1
DA:17,1
DA:18,2
DA:20,1
DA:21,1
DA:23,2
DA:24,1
DA:25,1
DA:26,1
LF:17
LH:17
BRDA:5,0,0,1
BRDA:5,0,1,3
BRDA:5,1,0,4
BRDA:5,1,1,4
BRDA:5,1,2,1
BRDA:14,2,0,1
BRDA:14,2,1,2
BRDA:14,3,0,3
BRDA:14,3,1,3
BRDA:14,3,2,2
BRDA:23,4,0,1
BRDA:23,4,1,1
BRDA:23,5,0,2
BRDA:23,5,1,2
BRDA:23,5,2,1
BRDA:25,6,0,1
BRDA:25,6,1,0
BRDA:25,7,0,1
BRDA:25,7,1,1
BRDA:25,7,2,1
BRF:20
BRH:19
end_of_record
TN:
SF:C:\Users\Estefanía Telis\Documents\GitHub\LIM009-fe-md-links\src\index.js
FN:14,(anonymous_0)
FN:24,(anonymous_1)
FN:30,(anonymous_2)
FN:36,(anonymous_3)
FN:41,(anonymous_4)
FN:44,(anonymous_5)
FN:55,(anonymous_6)
FN:63,(anonymous_7)
FN:71,(anonymous_8)
FN:72,(anonymous_9)
FN:74,(anonymous_10)
FN:94,(anonymous_11)
FN:95,(anonymous_12)
FNF:13
FNH:13
FNDA:2,(anonymous_0)
FNDA:18,(anonymous_1)
FNDA:15,(anonymous_2)
FNDA:8,(anonymous_3)
FNDA:8,(anonymous_4)
FNDA:13,(anonymous_5)
FNDA:15,(anonymous_6)
FNDA:5,(anonymous_7)
FNDA:5,(anonymous_8)
FNDA:8,(anonymous_9)
FNDA:8,(anonymous_10)
FNDA:8,(anonymous_11)
FNDA:7,(anonymous_12)
DA:7,3
DA:8,3
DA:9,3
DA:10,3
DA:14,3
DA:15,2
DA:16,2
DA:17,1
DA:19,1
DA:24,3
DA:25,18
DA:26,16
DA:30,3
DA:31,15
DA:33,15
DA:36,3
DA:37,8
DA:38,8
DA:41,3
DA:42,8
DA:43,8
DA:44,8
DA:45,13
DA:50,8
DA:51,8
DA:55,3
DA:56,15
DA:57,15
DA:58,12
DA:59,11
DA:62,2
DA:63,2
DA:64,5
DA:65,5
DA:68,14
DA:71,3
DA:72,5
DA:73,8
DA:75,8
DA:76,5
DA:77,5
DA:78,5
DA:80,3
DA:81,3
DA:82,3
DA:91,5
DA:94,3
DA:95,8
DA:97,7
DA:98,7
DA:101,7
LF:51
LH:51
BRDA:16,0,0,1
BRDA:16,0,1,1
BRDA:57,1,0,12
BRDA:57,1,1,2
BRDA:58,2,0,11
BRDA:58,2,1,1
BRDA:75,3,0,5
BRDA:75,3,1,3
BRDA:75,4,0,8
BRDA:75,4,1,8
BRF:10
BRH:10
end_of_record
TN:
SF:C:\Users\Estefanía Telis\Documents\GitHub\LIM009-fe-md-links\src\mdLinks.js
FN:69,(anonymous_0)
FN:70,(anonymous_1)
FN:91,(anonymous_2)
FN:92,(anonymous_3)
FN:96,(anonymous_4)
FN:107,(anonymous_5)
FN:108,(anonymous_6)
FN:112,(anonymous_7)
FN:116,(anonymous_8)
FNF:9
FNH:9
FNDA:7,(anonymous_0)
FNDA:7,(anonymous_1)
FNDA:2,(anonymous_2)
FNDA:4,(anonymous_3)
FNDA:4,(anonymous_4)
FNDA:2,(anonymous_5)
FNDA:4,(anonymous_6)
FNDA:4,(anonymous_7)
FNDA:4,(anonymous_8)
DA:4,2
DA:27,2
DA:69,2
DA:70,7
DA:71,7
DA:72,7
DA:73,6
DA:74,3
DA:76,3
DA:79,1
DA:91,2
DA:92,2
DA:93,4
DA:96,2
DA:98,4
DA:101,2
DA:107,2
DA:108,2
DA:109,4
DA:112,2
DA:113,4
DA:116,2
DA:117,4
DA:118,2
DA:120,2
DA:123,2
LF:26
LH:26
BRDA:73,0,0,3
BRDA:73,0,1,3
BRDA:73,1,0,6
BRDA:73,1,1,6
BRDA:117,2,0,2
BRDA:117,2,1,2
BRDA:117,3,0,4
BRDA:117,3,1,2
BRF:8
BRH:8
end_of_record
